-0.489352   -0.492127   0.490044
-0.335888   -0.347582   -0.492191
-0.489944   -0.35775   -0.339646
-0.317057   0.480341   -0.335199
-0.156809   0.494864   0.49459
0.0117663   -0.327552   0.499176
-0.169789   -0.337265   -0.338528
0.00821378   -0.490568   -0.324875
0.156326   0.4978   0.491101
0.342232   -0.335254   0.494196
0.173161   -0.338736   -0.313466
0.341053   0.496665   -0.331736
0.483308   -0.165481   0.492025
-0.341732   0.0116128   0.489757
0.481462   -0.0140124   -0.333577
-0.35644   -0.159645   -0.348
-0.180609   -0.169559   -0.49693
-0.0190776   -0.0144492   0.482535
-0.176116   0.00692269   -0.334428
-0.0141312   -0.153502   -0.318575
0.174965   -0.171581   -0.488925
0.327815   0.00527194   -0.497676
0.138528   0.00326568   -0.321268
0.309344   -0.156407   -0.328547
-0.498004   0.189013   0.490756
-0.326008   0.326064   0.492866
-0.490747   0.337861   -0.311969
-0.32831   0.170499   -0.34551
-0.170638   0.156614   0.497212
0.00755809   0.340274   -0.487246
-0.169162   0.326492   -0.34108
0.0135851   0.178546   -0.322682
0.148837   0.153191   0.497075
0.318571   0.336718   -0.495687
0.173851   0.338851   -0.336023
0.315149   0.170566   -0.344447
-0.487284   -0.489114   -0.158373
-0.311575   -0.340165   -0.188675
-0.492687   -0.327036   0.00286032
-0.332888   -0.495399   -0.00475063
-0.17048   0.491089   -0.165558
0.00451766   -0.328828   -0.154739
-0.173025   -0.334891   -0.0238331
0.00555409   0.491562   0.0102247
0.174647   0.491456   -0.174636
0.353426   -0.330449   -0.159172
0.179144   -0.32509   -0.0223149
0.337559   -0.493213   0.0068295
-0.492182   -0.161256   -0.154524
-0.332572   0.00243205   -0.162417
0.493999   -0.00748749   -0.0123618
-0.323186   -0.175156   -0.00383102
-0.171403   -0.147939   -0.177018
-0.0123349   0.0120422   -0.138726
-0.171047   0.0254897   0.00811424
-0.0313804   -0.161341   0.00758349
0.135246   -0.146165   -0.167683
0.322527   -0.00894179   -0.157163
0.166959   -0.0071621   0.0105284
0.334053   -0.160745   0.0135463
0.490824   0.168317   -0.175904
-0.346664   0.326571   -0.161523
-0.494204   0.346875   0.00284449
-0.34631   0.168561   -0.00126166
-0.157347   0.168903   -0.166969
0.000582066   0.338834   -0.169885
-0.156489   0.330724   0.00554767
-0.00578063   0.177623   -0.00194855
0.163955   0.166672   -0.158927
0.332903   0.358477   -0.162163
0.180522   0.324687   0.0224678
0.348351   0.168546   -0.00526397
-0.497898   -0.487864   0.165648
-0.32009   -0.332553   0.168898
-0.471341   -0.331893   0.323124
-0.325784   -0.494898   0.311902
-0.179156   -0.493671   0.159754
0.00929298   -0.331621   0.14226
-0.17352   -0.327932   0.346838
-0.00862308   0.495625   0.331935
0.159253   0.481185   0.16861
0.333225   -0.335769   0.17034
0.175119   -0.33977   0.342375
0.344411   0.494859   0.335465
-0.495367   -0.18066   0.160183
-0.322229   -0.000921196   0.159847
0.496679   0.000935286   0.330293
-0.331824   -0.162613   0.333439
-0.168717   -0.175543   0.172416
0.00253374   0.00735668   0.143299
-0.172889   -0.00475119   0.330244
0.00375378   -0.180565   0.329963
0.164171   -0.184215   0.15627
0.348813   -0.00450859   0.166193
0.167605   -0.0318702   0.31966
0.35023   -0.171412   0.323611
-0.496053   0.180951   0.171088
-0.334575   0.345227   0.167527
-0.491139   0.343656   0.337014
-0.343923   0.157165   0.326326
-0.169323   0.162171   0.172793
0.000709721   0.338691   0.178482
-0.180969   0.319714   0.34225
0.00520359   0.143054   0.34454
0.18252   0.147321   0.169084
0.340965   0.33927   0.183873
0.154832   0.328516   0.336008
0.332233   0.178965   0.334688
