0.216949   -1.42945   -2.45474
-0.396569   0.477623   2.54221
0.506355   0.0941676   1.42211
1.38768   0.931501   0.0319595
-0.436888   -1.14055   -1.71706
-0.245693   0.799912   0.544999
-0.519386   0.307127   0.658435
-0.146549   -1.33559   0.293375
-0.638456   -0.821635   -1.04903
0.652591   -0.52559   -0.0647569
0.898834   0.0267321   1.57596
1.03343   -0.791553   -0.339821
-0.865606   -1.02703   0.372039
0.151572   -0.578421   1.80858
-0.0238638   -0.0501327   -1.28
1.27189   -1.4808   -1.71856
-1.5197   -0.0580505   0.539176
-1.39009   0.947767   -1.73975
-0.646446   0.559942   0.852381
0.237019   -0.648359   1.2273
-0.192861   -1.37391   -1.46031
0.202505   -0.58944   1.96478
0.65019   0.829256   0.140424
-0.640446   -1.50372   -0.66923
-0.122327   0.511562   1.16081
1.53883   0.645258   0.725742
-0.0235376   -0.386446   0.00705575
-0.0418004   0.402928   -0.00611239
0.243051   1.23807   -0.78296
-1.20097   -0.781399   -0.987916
1.12454   -1.05202   0.629785
0.821042   1.58298   0.748834
0.327641   -1.15491   0.00370862
-0.418455   -1.41838   0.0914134
1.15241   0.381513   0.222018
0.183303   0.375289   -2.03441
-0.0280175   0.221771   0.636542
-0.162034   0.712035   -0.587684
-0.754878   1.6365   1.78915
-0.965439   0.467533   -0.871909
-0.208863   -0.264715   -0.800397
-0.679891   -0.157506   1.0263
1.70704   0.152022   0.166885
-0.578674   0.488054   2.37281
1.3362   0.46612   0.307641
-0.917672   -0.0134408   -0.859752
0.666936   0.343033   -1.24763
0.180836   -0.432625   -1.82091
0.530697   0.0729548   0.09271
-1.18937   0.163687   -0.324337
0.469808   -0.622478   0.619507
-0.0401129   -2.19121   0.273759
0.237928   -0.85824   -1.0677
-0.728586   -0.826815   -0.434275
-0.388383   -0.849425   -1.44627
-0.994845   -0.463292   0.903584
-1.13189   -0.583596   1.9931
0.830291   -0.651727   -0.416825
0.17211   0.441427   0.71562
-0.599687   0.551131   -0.13846
0.595151   0.241897   -2.24066
0.581308   0.405611   1.17589
1.62836   1.06465   -0.96203
-0.734816   0.35505   -0.927212
0.206143   -0.11587   -0.494923
-1.18421   1.18228   -0.131166
1.11025   0.320857   0.282305
-0.606941   0.372005   -0.768355
-0.0441308   -0.638167   0.197619
0.69118   1.81705   1.24457
0.839933   0.225365   0.934144
1.88522   -0.105884   -0.541285
-1.26056   0.949003   0.440786
0.257666   1.39189   0.637578
1.64718   -0.0706706   -0.184873
-0.212374   0.149635   -1.04615
-1.28648   -0.0957164   -1.96741
1.17412   1.46183   -0.386476
2.56021   1.39099   0.537096
0.411407   0.644811   -0.598789
-0.824259   -0.175653   -1.05898
-1.39493   0.0999924   0.917729
-0.619586   0.430505   0.684346
-2.08909   0.443101   1.3852
0.271666   -1.33949   -0.859169
0.439798   -1.11722   0.986491
0.311429   -0.11226   -0.350677
-0.0812953   0.133271   -0.396482
-1.08499   -0.386136   0.24802
0.264422   1.42495   0.147787
-0.414133   -0.742111   -0.65756
0.0505575   -0.249008   -0.641226
-0.382078   0.233809   0.968242
0.658761   -0.113079   0.443038
-0.598248   0.529533   -1.01631
-0.439967   0.290576   -0.039549
1.2211   0.271553   1.18763
-1.99518   -1.20422   -1.30991
-0.528266   -1.68445   0.994077
-1.04265   2.41265   0.270883
0.355975   -0.628861   -0.371954
-0.662862   2.13624   0.890272
0.728926   -0.977621   -0.335959
-0.10516   -0.789778   -0.261955
-0.0932795   1.32231   -0.699867
1.05544   -1.03579   0.088983
-0.379885   0.0493603   0.276972
-0.77452   0.0657815   1.16938
