              1       0.500689              0
              2       0.500672    1.76707e-05
              3       0.500663    1.35799e-05
              4       0.500657    1.10792e-05
              5       0.500651    1.06771e-05
              6       0.500643    1.19419e-05
              7       0.500639    1.06858e-05
              8       0.500643    1.01398e-05
              9       0.500645    9.09571e-06
             10       0.500648    8.79444e-06
             11       0.500651    8.32138e-06
             12       0.500649    7.80385e-06
             13        0.50065     7.3215e-06
             14       0.500648    7.04302e-06
             15       0.500652    7.30288e-06
             16       0.500656    8.00143e-06
             17       0.500653    8.17585e-06
             18       0.500649    8.37002e-06
             19       0.500651    8.09284e-06
             20       0.500649     8.0263e-06
