            0.5        1.72646         2.8224        2.32165        1.86842
            1.5        1.12382       0.194499       0.930207       0.708952
            2.5       0.819416       0.330301       0.803418       0.280367
            3.5        1.01551       0.288063       0.681354        0.18045
            4.5        0.95918       0.231285       0.608278       0.136428
            5.5       0.640367       0.614948       0.552175      0.0443873
            6.5        1.08604       0.171083       0.516795      0.0198863
            7.5       0.885573      0.0989781       0.504926     0.00600121
            8.5       0.982402      0.0633558       0.505869     0.00442539
            9.5        1.02081      0.0695527       0.500173    0.000529593
           10.5        1.02371      0.0847533       0.500738      0.0010492
           11.5        1.02228      0.0834695       0.500788     0.00099777
           12.5        1.02221      0.0829013       0.500735    0.000982394
           13.5        1.02199      0.0827533       0.500659     0.00103044
           14.5        1.02208      0.0827278       0.500527     0.00099751
           15.5        1.02208      0.0827301       0.500574    0.000963283
           16.5        1.02208      0.0827297       0.500693     0.00097688
           17.5        1.02208      0.0827292       0.500587    0.000949192
           18.5        1.02208      0.0827292       0.500532    0.000820168
           19.5        1.02208      0.0827293       0.500667    0.000942002
           20.5        1.02208      0.0827293       0.500624    0.000978044
           21.5        1.02208      0.0827293       0.500741    0.000881727
           22.5        1.02208      0.0827293       0.500519    0.000883654
           23.5        1.02208      0.0827293       0.500473    0.000898474
           24.5        1.02208      0.0827293       0.500483     0.00105629
           25.5        1.02208      0.0827293       0.500781    0.000950244
           26.5        1.02208      0.0827293       0.500528    0.000849178
           27.5        1.02208      0.0827293       0.500613    0.000872246
           28.5        1.02208      0.0827293       0.500485    0.000974524
           29.5        1.02208      0.0827293       0.500727     0.00077153
           30.5        1.02208      0.0827293       0.500426    0.000950735
           31.5        1.02208      0.0827293       0.500621     0.00103943
           32.5        1.02208      0.0827293       0.500627    0.000866453
           33.5        1.02208      0.0827293       0.500647    0.000875959
           34.5        1.02208      0.0827293       0.500673    0.000979816
           35.5        1.02208      0.0827293       0.500551    0.000970283
           36.5        1.02208      0.0827293       0.500527    0.000951797
           37.5        1.02208      0.0827293       0.500514    0.000876913
           38.5        1.02208      0.0827293       0.500516    0.000948671
           39.5        1.02208      0.0827293       0.500514    0.000877584
           40.5        1.02208      0.0827293       0.500561    0.000898814
           41.5        1.02208      0.0827293       0.500385     0.00105796
           42.5        1.02208      0.0827293       0.500668     0.00104173
           43.5        1.02208      0.0827293       0.500366    0.000934972
           44.5        1.02208      0.0827293       0.500567    0.000854344
           45.5        1.02208      0.0827293       0.500501    0.000894877
           46.5        1.02208      0.0827293       0.500549    0.000902517
           47.5        1.02208      0.0827293       0.500709    0.000995532
           48.5        1.02208      0.0827293       0.500665     0.00101585
           49.5        1.02208      0.0827293       0.500557    0.000919748
