100000000 100
0.99971 1.00006 1.17789 0 0 0
1.00014 1.00005 1.1778 0.000427771 1.72287e-06 9.19872e-05
1.00009 0.999992 1.17784 0.000252254 6.1478e-05 6.67641e-05
1.00024 1.00002 1.17787 0.000237328 5.0018e-05 5.67635e-05
1.00027 1.00001 1.17789 0.000185326 3.90031e-05 4.72827e-05
1.00014 0.999965 1.1779 0.000194535 5.71917e-05 4.18187e-05
1.00008 0.999949 1.1779 0.000176758 5.08678e-05 3.64036e-05
0.999967 0.999942 1.17789 0.000189699 4.4643e-05 3.2973e-05
0.999984 0.999979 1.17788 0.000168075 5.4173e-05 2.91772e-05
0.999975 0.99999 1.17788 0.000150555 4.97734e-05 2.60977e-05
1.00007 0.999991 1.17789 0.000166691 4.50246e-05 2.39074e-05
1.00006 1 1.17789 0.000152901 4.2079e-05 2.26118e-05
1.0001 1.00002 1.17789 0.000146287 4.18735e-05 2.14744e-05
1.00013 1.00001 1.1779 0.000138893 3.88493e-05 2.1306e-05
1.00015 1.00001 1.17789 0.000130607 3.61789e-05 1.98403e-05
1.00012 1.00001 1.17789 0.000125953 3.40235e-05 1.86225e-05
1.00005 1.00002 1.17789 0.000133334 3.41673e-05 1.75071e-05
1.00007 1.00002 1.1779 0.000126739 3.2225e-05 1.69935e-05
1.00006 1.00003 1.17789 0.000120311 3.09119e-05 1.68316e-05
1.00009 1.00002 1.1779 0.000117539 2.99372e-05 1.63015e-05
1.00009 1.00003 1.1779 0.000111871 2.93344e-05 1.55542e-05
1.00009 1.00003 1.1779 0.000106682 2.79722e-05 1.49412e-05
1.00007 1.00002 1.1779 0.000103652 2.81461e-05 1.43059e-05
1.00003 1.00001 1.1779 0.000105991 2.72121e-05 1.37478e-05
1.00001 1.00001 1.1779 0.000105674 2.72488e-05 1.3316e-05
0.999991 1 1.1779 0.000102455 2.66842e-05 1.29222e-05
0.999998 1 1.17789 9.87834e-05 2.57238e-05 1.25349e-05
0.999967 1.00001 1.17789 9.98736e-05 2.50659e-05 1.20913e-05
0.999968 1 1.17789 9.6372e-05 2.43114e-05 1.1967e-05
0.999957 0.999998 1.17789 9.37506e-05 2.41313e-05 1.17841e-05
0.999962 1 1.17789 9.08202e-05 2.34161e-05 1.14323e-05
0.999959 0.999999 1.17789 8.80083e-05 2.27285e-05 1.12052e-05
0.999933 1 1.17789 8.90829e-05 2.20958e-05 1.08765e-05
0.999924 0.999997 1.17789 8.68818e-05 2.1636e-05 1.07752e-05
0.999927 0.999995 1.17789 8.44284e-05 2.12105e-05 1.04703e-05
0.999922 1 1.17789 8.22516e-05 2.19028e-05 1.02746e-05
0.999913 1.00001 1.1779 8.04887e-05 2.18348e-05 9.99823e-06
0.999899 1.00001 1.1779 7.95271e-05 2.2738e-05 9.82331e-06
0.999913 1.00001 1.1779 7.86958e-05 2.2366e-05 9.6025e-06
0.999906 1.00001 1.1779 7.70092e-05 2.18004e-05 9.46294e-06
0.999895 1.00001 1.1779 7.59448e-05 2.1404e-05 9.43369e-06
0.999876 1.00001 1.1779 7.65901e-05 2.12227e-05 9.22817e-06
0.999879 1.00001 1.1779 7.48832e-05 2.1024e-05 9.05865e-06
0.999871 1.00002 1.1779 7.35879e-05 2.14179e-05 8.89091e-06
0.999889 1.00001 1.1779 7.39486e-05 2.19352e-05 8.75502e-06
0.999904 1.00001 1.1779 7.40345e-05 2.14535e-05 8.63431e-06
0.99991 1.00001 1.1779 7.26776e-05 2.14817e-05 8.44978e-06
0.999924 1.00001 1.1779 7.24734e-05 2.107e-05 8.30536e-06
0.99994 1.00001 1.1779 7.26344e-05 2.07427e-05 8.15442e-06
0.99994 1 1.1779 7.11672e-05 2.03638e-05 7.99312e-06
0.999948 1 1.1779 7.02772e-05 2.02192e-05 7.91605e-06
0.999932 1 1.1779 7.08757e-05 1.9829e-05 7.93783e-06
0.99993 1 1.1779 6.95469e-05 1.94555e-05 7.78721e-06
0.999936 1 1.1779 6.85468e-05 1.91107e-05 7.67951e-06
0.99993 0.999999 1.1779 6.75653e-05 1.90681e-05 7.70564e-06
0.999937 1 1.1779 6.66714e-05 1.88237e-05 7.56972e-06
0.999944 0.999999 1.1779 6.58501e-05 1.8632e-05 7.48298e-06
0.999948 1 1.1779 6.4835e-05 1.85255e-05 7.38052e-06
0.999958 1 1.1779 6.46056e-05 1.82135e-05 7.25931e-06
0.999957 1 1.1779 6.353e-05 1.79334e-05 7.14225e-06
0.999954 0.999998 1.1779 6.25627e-05 1.77338e-05 7.15496e-06
0.99995 0.999997 1.1779 6.17011e-05 1.7478e-05 7.03882e-06
0.999955 0.999995 1.1779 6.09111e-05 1.73676e-05 6.93045e-06
0.999972 0.999993 1.1779 6.23995e-05 1.71744e-05 6.89806e-06
0.99997 0.999991 1.1779 6.14682e-05 1.71257e-05 6.82267e-06
0.999961 0.999991 1.1779 6.10945e-05 1.68745e-05 6.75785e-06
0.999968 0.999989 1.1779 6.05016e-05 1.68069e-05 6.68783e-06
0.999965 0.999987 1.1779 5.9683e-05 1.66614e-05 6.61269e-06
0.99997 0.999989 1.1779 5.90168e-05 1.6614e-05 6.84303e-06
0.999969 0.99999 1.1779 5.81704e-05 1.63927e-05 6.79721e-06
0.999958 0.99999 1.1779 5.83832e-05 1.61645e-05 6.70497e-06
0.999961 0.999987 1.1779 5.76303e-05 1.63049e-05 6.62067e-06
0.999953 0.999986 1.1779 5.74368e-05 1.61379e-05 6.53304e-06
0.99995 0.999985 1.1779 5.67248e-05 1.59535e-05 6.46443e-06
0.999935 0.999985 1.1779 5.77557e-05 1.57394e-05 6.3797e-06
0.99994 0.999988 1.1779 5.71742e-05 1.58367e-05 6.39549e-06
0.999948 0.99999 1.1779 5.69609e-05 1.58326e-05 6.40718e-06
0.999954 0.999993 1.1779 5.65193e-05 1.58585e-05 6.32755e-06
0.999953 0.999993 1.1779 5.57999e-05 1.56588e-05 6.34304e-06
0.999964 0.999994 1.1779 5.60928e-05 1.54794e-05 6.38188e-06
0.999959 0.999996 1.1779 5.55972e-05 1.54831e-05 6.30269e-06
0.999963 1 1.1779 5.50917e-05 1.56883e-05 6.22657e-06
0.999973 1 1.1779 5.5199e-05 1.56055e-05 6.15122e-06
0.999978 0.999999 1.1779 5.48058e-05 1.56756e-05 6.21141e-06
0.999971 0.999999 1.1779 5.45942e-05 1.54921e-05 6.26112e-06
0.999968 1 1.1779 5.407e-05 1.55963e-05 6.35297e-06
0.999956 1 1.1779 5.4796e-05 1.54735e-05 6.28778e-06
0.999957 1 1.1779 5.41963e-05 1.54518e-05 6.22319e-06
0.99997 1 1.1779 5.50665e-05 1.53619e-05 6.18785e-06
0.999968 1.00001 1.1779 5.44806e-05 1.53584e-05 6.11871e-06
0.999968 1 1.1779 5.38789e-05 1.52653e-05 6.0613e-06
0.999968 1 1.1779 5.3291e-05 1.50988e-05 6.09319e-06
0.999977 1.00001 1.1779 5.34178e-05 1.49913e-05 6.03596e-06
0.999976 1.00001 1.1779 5.28594e-05 1.48447e-05 5.97913e-06
0.999978 1.00001 1.1779 5.23789e-05 1.48262e-05 5.96262e-06
0.99998 1.00001 1.1779 5.18446e-05 1.46852e-05 5.91572e-06
0.999985 1.00001 1.1779 5.15787e-05 1.4552e-05 5.86367e-06
0.999983 1.00001 1.1779 5.10758e-05 1.44027e-05 5.86684e-06
0.999985 1.00001 1.1779 5.05848e-05 1.44959e-05 5.80734e-06
0.999983 1 1.1779 5.01017e-05 1.43748e-05 5.7977e-06
