100 100 100
0 0
1 0.005
1.49336 0.00747776
1.89931 0.00951613
2.27998 0.0114267
2.63678 0.0132171
2.98454 0.0149548
3.33763 0.0167229
3.68263 0.0184509
4.01731 0.0201255
4.35289 0.0218072
4.67779 0.0234336
5.00388 0.0250654
5.33297 0.0267131
5.65928 0.0283455
5.98365 0.0299666
6.31033 0.0315976
6.62778 0.0331864
6.9493 0.0347903
7.27884 0.0364424
7.59462 0.0380242
7.91413 0.0396278
8.23357 0.0412214
8.54328 0.0427724
8.87763 0.044449
9.19884 0.0460591
9.51793 0.0476562
9.83621 0.0492487
10.1415 0.050776
10.4488 0.0523131
10.7592 0.0538677
11.0799 0.0554716
11.3941 0.0570457
11.712 0.05864
12.028 0.0602237
12.3389 0.0617776
12.6592 0.0633787
12.9716 0.064945
13.2988 0.0665833
13.6286 0.0682367
13.9493 0.0698413
14.2533 0.0713632
14.5626 0.0729061
14.8825 0.0745073
15.188 0.0760352
15.5021 0.0776027
15.8181 0.0791855
16.137 0.0807839
16.4439 0.0823238
16.757 0.0838925
17.0704 0.0854633
17.38 0.0870104
17.6905 0.0885596
18.0111 0.0901605
18.3206 0.0917101
18.6362 0.0932874
18.9437 0.0948276
19.2561 0.0963949
19.578 0.0980032
19.8842 0.0995322
20.1838 0.101031
20.5029 0.102629
20.8209 0.104219
21.125 0.105746
21.4333 0.107287
21.745 0.108849
22.06 0.110422
22.383 0.112035
22.6946 0.113589
23.0062 0.115149
23.3231 0.116737
23.6407 0.118332
23.956 0.119908
24.2689 0.121475
24.5726 0.122991
24.8872 0.124563
25.2034 0.126144
25.5153 0.127702
25.8328 0.12929
26.1597 0.130923
26.4808 0.132532
26.7909 0.134084
27.1104 0.135681
27.435 0.137307
27.7539 0.138898
28.0697 0.140477
28.3807 0.142034
28.6958 0.143608
29.0161 0.145209
29.3327 0.14679
29.6501 0.148379
29.9716 0.149992
30.2908 0.151589
30.6025 0.153147
30.9156 0.154709
31.2372 0.156318
31.5579 0.15792
31.8766 0.159516
32.1907 0.161083
32.5012 0.162636
32.8083 0.164173
