10000 100
3.78984 0.128593
4.13581 0.138355
10.1833 0.174069
9.72075 0.106695
12.9885 0.203444
17.7195 0.187513
25.1196 0.172454
22.3969 0.21316
30.1073 0.139637
31.7155 0.185042
39.2351 0.265309
40.2188 0.194483
45.7714 0.345164
47.6599 0.156917
47.9809 0.187275
50.4521 0.165389
54.9842 0.271107
54.5175 0.22795
57.8885 0.168766
51.614 0.167532
54.1658 0.224844
50.2787 0.133018
48.0014 0.103842
51.2875 0.243564
54.6406 0.158382
52.0323 0.232311
51.9442 0.210943
48.7741 0.219548
50.8691 0.204432
48.6555 0.272017
47.9803 0.152812
44.852 0.165223
49.1826 0.189907
55.6012 0.296897
49.387 0.171894
60.369 0.26936
64.6875 0.168535
67.5241 0.230985
65.8072 0.158482
69.8313 0.100994
73.2779 0.252963
74.024 0.217514
68.9148 0.201219
67.194 0.160258
63.8581 0.232271
61.5179 0.249311
56.981 0.205001
52.3571 0.372673
49.4682 0.103502
48.3388 0.177446
43.9829 0.233223
43.9516 0.212598
46.4945 0.237526
48.0994 0.281273
44.8467 0.166146
37.6445 0.246017
37.9315 0.394644
31.7561 0.157266
31.0095 0.12998
36.7934 0.152518
45.0013 0.416098
45.5388 0.148896
48.0342 0.130794
46.7562 0.127192
50.3089 0.219175
47.4706 0.0806743
52.9381 0.169906
52.2487 0.229027
55.5426 0.182645
57.5141 0.182693
57.3365 0.172043
53.3231 0.156067
48.1894 0.42715
43.0371 0.31126
43.5044 0.138727
41.8425 0.187015
50.3511 0.376908
53.7809 0.123067
58.2827 0.374872
66.9875 0.189571
71.1047 0.0903617
68.1958 0.203707
72.4379 0.125803
70.1741 0.161356
71.0394 0.152026
76.4068 0.127718
81.2848 0.157866
82.7659 0.132176
82.8877 0.196705
83.9939 0.213154
76.8677 0.282692
75.4011 0.183991
72.8101 0.163745
73.5869 0.145677
78.7878 0.200591
74.2152 0.153371
71.6139 0.189206
74.5722 0.222559
83.6741 0.178379
86.8187 0.303515
