100 100 100
958.683 nan
958.684 nan
958.693 nan
958.698 nan
958.699 nan
958.706 nan
958.706 nan
958.702 nan
958.696 nan
958.688 nan
958.699 nan
958.706 nan
958.7 nan
958.704 nan
958.705 nan
958.704 nan
958.705 nan
958.705 nan
958.715 nan
958.716 nan
958.728 nan
958.727 nan
958.733 nan
958.73 nan
958.731 nan
958.731 nan
958.738 nan
958.744 nan
958.749 nan
958.759 nan
958.757 nan
958.756 nan
958.755 nan
958.757 nan
958.76 nan
958.764 nan
958.762 nan
958.768 nan
958.766 nan
958.764 nan
958.775 nan
958.777 nan
958.771 nan
958.775 nan
958.77 nan
958.769 nan
958.762 nan
958.769 nan
958.766 nan
958.767 nan
958.772 nan
958.771 nan
958.783 nan
958.785 nan
958.788 nan
958.789 nan
958.785 nan
958.781 nan
958.782 nan
958.784 nan
958.792 nan
958.798 nan
958.797 nan
958.798 nan
958.797 nan
958.797 nan
958.791 nan
958.784 nan
958.784 nan
958.789 nan
958.795 nan
958.805 nan
958.794 nan
958.805 nan
958.814 nan
958.821 nan
958.82 nan
958.824 nan
958.829 nan
958.833 nan
958.836 nan
958.842 nan
958.848 nan
958.843 nan
958.844 nan
958.859 nan
958.861 nan
958.859 nan
958.857 nan
958.851 nan
958.847 nan
958.842 nan
958.838 nan
958.831 nan
958.829 nan
958.835 nan
958.822 nan
958.819 nan
958.808 nan
958.8 nan
