3.25203 0
3.25203 0
3.13421 0.0138833
3.03093 0.0176082
3.1265 0.0196984
3.11046 0.0133893
3.22634 0.0229901
3.19341 0.0183264
3.17529 0.0145824
3.12987 0.0137289
3.12723 0.0112397
3.13763 0.0094746
3.18117 0.00991309
3.20457 0.0090445
3.17612 0.00864813
3.14768 0.00837591
3.1105 0.0087724
3.11837 0.00785951
3.12133 0.00704096
3.12786 0.00637957
3.146 0.006101
3.15452 0.00561887
3.15539 0.00513104
3.15018 0.00473061
3.1482 0.00435607
3.15219 0.00403693
3.15302 0.00373859
3.14173 0.00359903
3.12723 0.00356122
3.13139 0.00334111
3.13528 0.0031407
3.14992 0.00315859
3.14843 0.00296938
3.14495 0.00280678
3.15033 0.00267536
3.15779 0.00258235
3.14599 0.00258207
3.14674 0.00244674
3.14746 0.00232177
3.15424 0.0022517
3.14368 0.00225347
3.13637 0.00219952
3.1339 0.00210331
3.13844 0.00202824
3.13042 0.00200233
3.14519 0.00213323
3.14919 0.00205847
3.15668 0.00202882
3.14779 0.00202504
3.14833 0.00194433
3.15036 0.00187221
3.14941 0.00180111
3.14849 0.00173399
3.15191 0.00168149
3.15676 0.00164389
3.1748 0.0019104
3.17758 0.00185111
3.17277 0.00181042
3.17035 0.00175488
3.17599 0.0017282
3.17997 0.00168738
3.18245 0.00163907
3.18355 0.00158825
3.17814 0.00156796
3.17027 0.00158163
3.17683 0.00157681
3.17003 0.00157601
3.16901 0.0015307
3.1642 0.0015095
3.15709 0.00151689
3.16953 0.00162894
3.1696 0.00158369
3.16769 0.00154395
3.17109 0.00151373
3.16921 0.00147689
3.17493 0.00147069
3.17492 0.00143249
3.17591 0.00139674
3.17162 0.0013798
3.18406 0.00150001
3.18696 0.00147137
3.18061 0.00147574
3.17576 0.00146374
3.18085 0.00145483
3.17753 0.00143163
3.18138 0.00141317
3.17964 0.0013837
3.17875 0.00135306
3.17787 0.00132342
3.17784 0.00129401
3.18147 0.00127879
3.18606 0.00127205
3.18231 0.00125879
3.18305 0.00123256
3.18144 0.00120919
3.1806 0.00118471
3.18306 0.00116631
3.18297 0.00114252
3.18214 0.00112012
3.17995 0.00110253
