              1      -0.149733              0
              2      -0.140458     0.00927511
              3      -0.140467       0.005355
              4      -0.141065     0.00383349
              5      -0.140546     0.00301437
              6      -0.141545     0.00265602
              7      -0.142444     0.00241825
              8      -0.140443     0.00289673
              9      -0.140774     0.00257608
             10      -0.138757     0.00306271
             11      -0.137522     0.00303301
             12      -0.137137     0.00279536
             13       -0.13754     0.00260273
             14       -0.13813     0.00248095
             15      -0.137871     0.00232411
             16      -0.137436     0.00221717
             17      -0.137372     0.00208367
             18      -0.136895     0.00202143
             19      -0.137045     0.00191795
             20      -0.136631     0.00186616
