              1      -0.445514              0
              2      -0.445003    0.000510904
              3      -0.444409    0.000663436
              4      -0.444548    0.000489448
              5      -0.444769    0.000438768
              6      -0.444811     0.00036068
              7      -0.444928    0.000326564
              8      -0.444989    0.000289371
              9      -0.445001    0.000255457
             10      -0.445026    0.000229818
             11      -0.444994    0.000210294
             12       -0.44495     0.00019699
             13      -0.444866    0.000199558
             14       -0.44483    0.000188287
             15      -0.444806    0.000176855
             16      -0.444783    0.000167079
             17      -0.444764    0.000158037
             18      -0.444729     0.00015316
             19      -0.444725    0.000144929
             20      -0.444764    0.000142962
