1 40.2194 5.11069
2 32.9592 3.95402
3 28.1099 2.15254
4 25.5494 0.431193
5 23.473 1.34037
6 21.1858 0.610549
7 19.0924 0.512869
8 17.3719 0.675352
9 16.184 0.08228
10 15.6816 0.0799641
11 15.3438 0.0863453
12 15.0654 0.00629432
13 14.948 0.00821857
14 14.2733 0.445702
15 13.3014 0.022155
16 12.7382 0.0901119
17 12.2968 0.0150155
18 12.1363 0.0018214
19 11.8876 0.0696216
20 10.6732 0.660669
21 9.09565 0.255131
22 8.65832 0.00090821
23 8.353 0.0595309
24 7.98044 0.0148707
25 7.86823 2.0642e-06
26 7.84727 0.00265492
27 7.58564 0.104301
28 7.16341 9.88113e-05
29 7.15318 1.11504e-06
30 7.13851 0.000463888
31 6.96602 0.0197292
32 6.61363 0.0557304
33 6.31845 0.000404473
34 6.28055 7.78829e-05
35 6.26134 0.000287442
36 6.24306 -7.88702e-13
37 6.24306 -7.88702e-13
38 6.24306 -7.88702e-13
39 6.24306 -7.88702e-13
40 6.24306 -7.88702e-13
41 6.24306 -7.88702e-13
42 6.24306 -7.88702e-13
43 6.24306 -7.88702e-13
44 6.24306 -7.88702e-13
45 6.24306 -7.88702e-13
46 6.24306 -7.88702e-13
47 6.24306 -7.88702e-13
48 6.24306 -7.88702e-13
49 6.24306 -7.88702e-13
50 6.24306 -7.88702e-13
51 6.24306 -7.88702e-13
52 6.24306 -7.88702e-13
53 6.24306 -7.88702e-13
54 6.24306 -7.88702e-13
55 6.24306 -7.88702e-13
56 6.24306 -7.88702e-13
57 6.24306 -7.88702e-13
58 6.24306 -7.88702e-13
59 6.24306 -7.88702e-13
60 6.24306 -7.88702e-13
61 6.24306 -7.88702e-13
62 6.24306 -7.88702e-13
63 6.24306 -7.88702e-13
64 6.24306 -7.88702e-13
65 6.24306 -7.88702e-13
66 6.24306 -7.88702e-13
67 6.24306 -7.88702e-13
68 6.24306 -7.88702e-13
69 6.24306 -7.88702e-13
70 6.24306 -7.88702e-13
71 6.24306 -7.88702e-13
72 6.24306 -7.88702e-13
73 6.24306 -7.88702e-13
74 6.24306 -7.88702e-13
75 6.24306 -7.88702e-13
76 6.24306 -7.88702e-13
77 6.24306 -7.88702e-13
78 6.24306 -7.88702e-13
79 6.24306 -7.88702e-13
80 6.24306 -7.88702e-13
81 6.24306 -7.88702e-13
82 6.24306 -7.88702e-13
83 6.24306 -7.88702e-13
84 6.24306 -7.88702e-13
85 6.24306 -7.88702e-13
86 6.24306 -7.88702e-13
87 6.24306 -7.88702e-13
88 6.24306 -7.88702e-13
89 6.24306 -7.88702e-13
90 6.24306 -7.88702e-13
91 6.24306 -7.88702e-13
92 6.24306 -7.88702e-13
93 6.24306 -7.88702e-13
94 6.24306 -7.88702e-13
95 6.24306 -7.88702e-13
96 6.24306 -7.88702e-13
97 6.24306 -7.88702e-13
98 6.24306 -7.88702e-13
99 6.24306 -7.88702e-13
100 6.24306 -7.88702e-13
