1 31.1932
2 26.6737
3 25.0476
4 22.3731
5 20.7257
6 18.5562
7 16.5499
8 15.8998
9 15.3307
10 15.0672
11 15.0136
12 14.8817
13 13.4785
14 13.1944
15 12.4366
16 12.172
17 12.1184
18 11.6296
19 9.82999
20 8.67696
21 8.64292
22 8.12571
23 7.8683
24 7.8683
25 7.83425
26 7.17311
27 7.15323
28 7.15323
29 7.12782
30 6.84541
31 6.34895
32 6.30252
33 6.27711
34 6.24306
35 6.24306
36 6.24306
37 6.24306
38 6.24306
39 6.24306
40 6.24306
41 6.24306
42 6.24306
43 6.24306
44 6.24306
45 6.24306
46 6.24306
47 6.24306
48 6.24306
49 6.24306
50 6.24306
51 6.24306
52 6.24306
53 6.24306
54 6.24306
55 6.24306
56 6.24306
57 6.24306
58 6.24306
59 6.24306
60 6.24306
61 6.24306
62 6.24306
63 6.24306
64 6.24306
65 6.24306
66 6.24306
67 6.24306
68 6.24306
69 6.24306
70 6.24306
71 6.24306
72 6.24306
73 6.24306
74 6.24306
75 6.24306
76 6.24306
77 6.24306
78 6.24306
79 6.24306
80 6.24306
81 6.24306
82 6.24306
83 6.24306
84 6.24306
85 6.24306
86 6.24306
87 6.24306
88 6.24306
89 6.24306
90 6.24306
91 6.24306
92 6.24306
93 6.24306
94 6.24306
95 6.24306
96 6.24306
97 6.24306
98 6.24306
99 6.24306
100 6.24306
