1 1045.58 2117.82
2 903.577 1883.33
3 823.123 417.825
4 780.96 421.424
5 740.881 307.552
6 699.35 376.026
7 650.493 755.787
8 608.492 155.403
9 583.828 247.773
10 559.094 151.173
11 541.747 171.494
12 523.083 142.848
13 506.743 154.606
14 488.217 274.96
15 468.899 145.16
16 458.024 146.755
17 436.182 323.061
18 411.589 170.577
19 394.62 79.47
20 385.231 76.9114
21 375.141 77.6056
22 366.075 77.6269
23 358.366 57.1075
24 353.322 58.1444
25 347.269 62.2747
26 341.921 67.2602
27 338.956 62.8911
28 335.068 49.075
29 331.954 72.7758
30 327.203 57.1565
31 319.989 53.7992
32 315.067 50.1699
33 312.55 43.6857
34 309.912 34.5092
35 309.651 41.2092
36 309.857 60.6466
37 308.808 73.5388
38 306.607 70.5569
39 304.203 75.3302
40 302.985 122.216
41 298.232 81.373
42 296.68 82.1286
43 292.659 31.6924
44 295.028 83.1256
45 293.125 45.966
46 294.769 95.1092
47 291.974 72.6964
48 291.444 72.9367
49 289.341 65.2781
50 288.22 99.6336
51 285.845 77.8383
52 285.226 63.9154
53 285.519 79.5106
54 284.556 55.7919
55 284.756 58.0415
56 284.779 61.0645
57 282.587 47.4852
58 282.718 62.7711
59 280.663 45.8087
60 280.503 42.5247
61 279.906 38.0934
62 279.996 35.9399
63 281.334 60.8408
64 281.899 72.3973
65 280.337 46.8017
66 280.633 49.4087
67 281.003 55.8562
68 280.103 43.4504
69 280.819 59.361
70 281.438 65.2861
71 280.772 54.3785
72 280.26 43.4777
73 280.323 44.2155
74 281.811 77.1864
75 281.63 65.5326
76 280.778 46.9291
77 281.525 63.5363
78 282.058 68.6894
79 281.557 69.8184
80 281.011 57.1971
81 279.344 29.795
82 280.261 45.4601
83 280.735 48.0435
84 280.829 48.1551
85 279.425 47.3492
86 278.7 44.8339
87 278.807 47.8407
88 279.891 70.344
89 279.907 74.6085
90 277.683 34.7326
91 278.784 49.3319
92 278.891 54.5843
93 283.374 119.218
94 283.236 109.713
95 279.932 66.6473
96 278.72 47.5126
97 278.065 38.8916
98 279.017 47.9986
99 278.034 36.842
100 278.28 37.3059
