1 857.417
2 805.012
3 756.537
4 722.615
5 676.268
6 613.151
7 594.507
8 563.052
9 545.579
10 524.631
11 511.456
12 493.017
13 467.356
14 455.592
15 446.061
16 409.655
17 395.978
18 384.605
19 374.897
20 364.486
21 356.297
22 351.306
23 344.471
24 337.281
25 334.926
26 332.403
27 330.048
28 323.771
29 321.417
30 310.203
31 310.203
32 306.656
33 306.515
34 305.481
35 303.694
36 302.206
37 300.004
38 296.081
39 292.216
40 291.492
41 289.615
42 289.615
43 289.615
44 289.615
45 286.544
46 286.544
47 286.544
48 280.91
49 280.91
50 280.366
51 280.366
52 280.366
53 280.321
54 280.321
55 278.635
56 278.59
57 276.759
58 276.759
59 276.759
60 276.759
61 276.759
62 276.759
63 276.759
64 276.759
65 276.759
66 276.759
67 276.759
68 276.759
69 276.759
70 276.759
71 276.759
72 276.759
73 276.759
74 276.759
75 276.759
76 276.759
77 276.759
78 276.759
79 276.759
80 276.759
81 276.759
82 276.736
83 276.633
84 274.855
85 274.855
86 274.855
87 274.855
88 274.855
89 274.855
90 274.855
91 274.855
92 274.855
93 274.855
94 274.855
95 274.855
96 274.855
97 274.855
98 274.855
99 274.855
100 274.855
