288.406
0 -86.3006 32.3777
23 -90.1821 32.3038
3 -92.289 34.7466
24 -92.1729 38.5792
15 -95.678 39.0482
26 -96.6997 40.8081
14 -93.6037 41.5911
12 -89.655 39.7984
13 -86.1626 39.7686
16 -84.8754 38.1867
34 -82.9991 39.9613
47 -81.6123 38.3362
31 -78.6391 35.7804
45 -77.4336 37.5389
19 -76.4909 38.9788
7 -75.5197 39.1573
33 -73.7579 42.6528
6 -72.6822 41.764
28 -71.538 43.2069
44 -72.5805 44.2624
18 -69.7817 44.3072
20 -71.0637 42.3582
38 -71.415 41.8309
29 -74.7699 40.2206
37 -76.8836 40.2644
21 -84.5553 42.7336
48 -89.3844 43.0747
22 -93.1022 44.9551
40 -100.346 44.367
32 -100.783 46.8209
49 -104.82 41.1403
43 -111.888 40.7775
25 -112.018 46.5857
11 -116.2 43.6178
36 -123.03 44.9385
46 -122.905 47.0358
1 -134.42 58.3016
10 -157.857 21.3074
4 -121.494 38.5767
27 -119.766 39.1639
2 -112.097 33.4481
30 -105.94 35.6822
5 -104.985 39.7392
35 -97.5033 35.4922
42 -97.7403 30.2747
17 -91.1874 30.4571
41 -86.7842 36.1658
9 -84.3882 33.749
39 -81.0332 34.0003
8 -84.2813 30.4381
0 -86.3006 32.3777
