545.579
0 -86.3006 32.3777
47 -81.6123 38.3362
20 -71.0637 42.3582
37 -76.8836 40.2644
21 -84.5553 42.7336
19 -76.4909 38.9788
45 -77.4336 37.5389
3 -92.289 34.7466
35 -97.5033 35.4922
26 -96.6997 40.8081
14 -93.6037 41.5911
41 -86.7842 36.1658
48 -89.3844 43.0747
34 -82.9991 39.9613
13 -86.1626 39.7686
49 -104.82 41.1403
43 -111.888 40.7775
4 -121.494 38.5767
46 -122.905 47.0358
36 -123.03 44.9385
5 -104.985 39.7392
7 -75.5197 39.1573
28 -71.538 43.2069
6 -72.6822 41.764
33 -73.7579 42.6528
29 -74.7699 40.2206
18 -69.7817 44.3072
9 -84.3882 33.749
17 -91.1874 30.4571
2 -112.097 33.4481
30 -105.94 35.6822
12 -89.655 39.7984
22 -93.1022 44.9551
24 -92.1729 38.5792
16 -84.8754 38.1867
39 -81.0332 34.0003
8 -84.2813 30.4381
31 -78.6391 35.7804
38 -71.415 41.8309
44 -72.5805 44.2624
15 -95.678 39.0482
40 -100.346 44.367
1 -134.42 58.3016
10 -157.857 21.3074
27 -119.766 39.1639
25 -112.018 46.5857
11 -116.2 43.6178
32 -100.783 46.8209
42 -97.7403 30.2747
23 -90.1821 32.3038
0 -86.3006 32.3777
