1 35.0297 2.57228
2 29.2593 2.77955
3 26.3278 0.398583
4 24.4347 0.912828
5 21.5659 0.616873
6 20.1455 0.316083
7 19.2654 0.083471
8 17.8555 0.936214
9 16.72 0.100983
10 16.0417 0.203586
11 15.3979 0.17335
12 14.803 0.120299
13 14.4407 0.0436524
14 14.2965 0.0129201
15 14.1876 0.0543088
16 13.8173 0.0627373
17 13.4064 0.0598777
18 13.0099 0.0318263
19 12.7245 0.0324745
20 12.2661 0.0846077
21 11.8954 0.000130605
22 11.8177 0.00732775
23 11.6545 0.00391936
24 11.5145 0.00459195
25 11.4005 0.00192854
26 11.3029 0.00333562
27 11.171 0.00503243
28 11.0803 0.000420407
29 11.0622 1.67688e-12
30 11.0622 3.91916e-06
31 11.042 0.000553267
32 11.0152 2.31863e-05
33 11.0146 -2.07478e-12
34 11.0141 0.000144651
35 10.9023 0.019781
36 10.7277 0.000447892
37 10.7252 1.46372e-12
38 10.7251 6.64295e-06
39 10.6973 0.000947065
40 10.662 4.11404e-05
41 10.6034 0.0054961
42 10.4894 0.00137968
43 10.4627 4.00337e-05
44 10.3997 0.00578078
45 10.2412 0.00358474
46 10.1821 5.67412e-05
47 10.1808 3.41061e-13
48 10.1808 3.41061e-13
49 10.1808 3.41061e-13
50 10.1808 3.41061e-13
51 10.1808 3.41061e-13
52 10.1808 3.41061e-13
53 10.1808 3.41061e-13
54 10.1808 3.41061e-13
55 10.194 0.00286055
56 10.2036 0.00756827
57 10.1808 3.2685e-13
58 10.1808 3.2685e-13
59 10.1808 3.2685e-13
60 10.1808 3.2685e-13
61 10.1808 3.2685e-13
62 10.1808 3.2685e-13
63 10.1808 3.2685e-13
64 10.1808 3.2685e-13
65 10.1808 3.2685e-13
66 10.1808 3.2685e-13
67 10.1808 3.2685e-13
68 10.1808 3.2685e-13
69 10.1808 3.2685e-13
70 10.1808 3.2685e-13
71 10.1808 3.2685e-13
72 10.1808 3.2685e-13
73 10.1808 3.2685e-13
74 10.1808 3.2685e-13
75 10.1808 3.2685e-13
76 10.1808 3.2685e-13
77 10.1808 3.2685e-13
78 10.1808 3.2685e-13
79 10.1808 3.2685e-13
80 10.1808 3.2685e-13
81 10.1808 3.2685e-13
82 10.1808 3.2685e-13
83 10.1808 3.2685e-13
84 10.1808 3.2685e-13
85 10.1808 3.2685e-13
86 10.1808 3.2685e-13
87 10.1808 3.2685e-13
88 10.1808 3.2685e-13
89 10.1808 3.2685e-13
90 10.1808 3.2685e-13
91 10.1808 3.2685e-13
92 10.1808 3.2685e-13
93 10.1808 3.2685e-13
94 10.1808 3.2685e-13
95 10.1808 3.2685e-13
96 10.1808 3.2685e-13
97 10.1808 3.2685e-13
98 10.1808 3.2685e-13
99 10.1808 3.2685e-13
100 10.1808 3.2685e-13
