1 27.4257
2 25.8675
3 23.8813
4 20.7921
5 19.5676
6 19.0397
7 16.6285
8 16.5485
9 15.5535
10 14.905
11 14.4178
12 14.2564
13 14.2247
14 13.9534
15 13.5226
16 13.084
17 12.812
18 12.4867
19 11.8958
20 11.8958
21 11.7201
22 11.5902
23 11.4503
24 11.362
25 11.2483
26 11.1036
27 11.0622
28 11.0622
29 11.0622
30 11.0146
31 11.0146
32 11.0146
33 11.0146
34 10.7252
35 10.7252
36 10.7252
37 10.7252
38 10.6632
39 10.6614
40 10.5095
41 10.463
42 10.463
43 10.3107
44 10.1808
45 10.1808
46 10.1808
47 10.1808
48 10.1808
49 10.1808
50 10.1808
51 10.1808
52 10.1808
53 10.1808
54 10.1808
55 10.1808
56 10.1808
57 10.1808
58 10.1808
59 10.1808
60 10.1808
61 10.1808
62 10.1808
63 10.1808
64 10.1808
65 10.1808
66 10.1808
67 10.1808
68 10.1808
69 10.1808
70 10.1808
71 10.1808
72 10.1808
73 10.1808
74 10.1808
75 10.1808
76 10.1808
77 10.1808
78 10.1808
79 10.1808
80 10.1808
81 10.1808
82 10.1808
83 10.1808
84 10.1808
85 10.1808
86 10.1808
87 10.1808
88 10.1808
89 10.1808
90 10.1808
91 10.1808
92 10.1808
93 10.1808
94 10.1808
95 10.1808
96 10.1808
97 10.1808
98 10.1808
99 10.1808
100 10.1808
