100000 100 2 3
3.09358 0
3.09 0.00358053
3.10085 0.0110485
3.12692 0.0272141
3.11882 0.0225828
3.14636 0.0331442
3.12685 0.0341376
3.15162 0.0385699
3.14597 0.0344815
3.14959 0.031053
3.14516 0.0284369
3.14824 0.0261419
3.15869 0.026219
3.16311 0.0246737
3.16388 0.0229828
3.15683 0.0226243
3.15269 0.0216517
3.14589 0.021516
3.14661 0.0203648
3.14614 0.0193254
3.14195 0.0188541
3.15257 0.0208779
3.14785 0.0204989
3.14382 0.0200359
3.13873 0.0198802
3.14279 0.0195257
3.13965 0.0190485
3.14366 0.0187893
3.14658 0.0183639
3.1501 0.018086
3.15187 0.0175827
3.15165 0.0170259
3.15445 0.0167381
3.15617 0.0163289
3.15735 0.0158993
3.15679 0.0154614
3.15282 0.0155538
3.14834 0.0157859
3.14863 0.0153785
3.14602 0.015215
3.14286 0.0151713
3.14398 0.0148478
3.14417 0.0144996
3.14435 0.0141674
3.14436 0.013849
3.14551 0.0135937
3.1444 0.0133471
3.14851 0.0136973
3.14874 0.0134167
3.14463 0.0137726
3.13884 0.0146917
3.14274 0.0149252
3.14586 0.0149713
3.14754 0.0147865
3.152 0.0151842
3.15147 0.0149198
3.15351 0.0147976
3.15069 0.0148125
3.14936 0.01462
3.15133 0.0145095
3.14825 0.0146
3.14473 0.0147861
3.14259 0.0147064
3.14381 0.014526
3.14405 0.0143028
3.14916 0.0149827
3.14619 0.0150542
3.14595 0.0148331
3.14692 0.0146487
3.14364 0.0148049
3.14293 0.014612
3.14215 0.0144289
3.14239 0.0142319
3.13952 0.0143276
3.14134 0.0142519
3.13857 0.0143344
3.14035 0.0142592
3.14118 0.0140996
3.14269 0.014001
3.14517 0.0140469
3.14384 0.0139363
3.14237 0.0138434
3.14222 0.0136764
3.1419 0.0135164
3.14265 0.0133772
3.14258 0.0132208
3.1421 0.0130768
3.14196 0.0129281
3.14142 0.0127936
3.14346 0.0128141
3.14546 0.0128286
3.14653 0.0127336
3.1452 0.0126653
3.1445 0.0125494
3.14427 0.0124188
3.14352 0.0123117
3.14361 0.0121844
3.14563 0.0122276
3.1457 0.0121037
3.14482 0.012014
