              1      -0.429163              0
              2      -0.430594      0.0014314
              3       -0.43065    0.000828262
              4       -0.43064    0.000585754
              5      -0.429957    0.000819682
              6      -0.430346    0.000773866
              7      -0.430178    0.000675209
              8      -0.430103    0.000589549
              9      -0.430224    0.000533921
             10       -0.43036     0.00049661
             11      -0.430299    0.000453404
             12      -0.430226    0.000420209
             13      -0.429861    0.000531558
             14      -0.429895     0.00049326
             15       -0.42994    0.000461459
             16      -0.430002    0.000436077
             17      -0.430072     0.00041546
             18      -0.430137    0.000397176
             19      -0.430109    0.000376753
             20      -0.430071    0.000359494
