            0.5         1.0153       0.895382        1.24727        2.51907
            1.5       0.926919      0.0997344      0.0289999       0.455946
            2.5       0.758938       0.740084     -0.0835037       0.247777
            3.5       0.799274      0.0362249      -0.199615       0.174362
            4.5       0.895624       0.507299      -0.271832       0.138372
            5.5       0.703834       0.634235      -0.333299      0.0906612
            6.5        1.03472       0.297909      -0.224221       0.125569
            7.5       0.803557       0.446687      -0.275785       0.119151
            8.5       0.846854       0.513094      -0.303374       0.100365
            9.5        0.97227       0.189351      -0.278938      0.0965294
           10.5       0.899728       0.510395      -0.337621       0.103949
           11.5       0.849088        0.55425      -0.285784       0.116335
           12.5       0.587193       0.831691      -0.340249      0.0741085
           13.5         0.6442       0.713559      -0.415572      0.0689092
           14.5       0.535683        0.74195      -0.394869      0.0316799
           15.5       0.688736       0.806411      -0.337063      0.0839582
           16.5       0.619586       0.880647      -0.389888      0.0501338
           17.5       0.585676       0.786439      -0.305443       0.159523
           18.5       0.564534       0.898147      -0.427464       0.014128
           19.5       0.686273       0.881496      -0.387591      0.0235489
           20.5       0.634764       0.829897      -0.410026      0.0374773
           21.5       0.565741       0.737585       -0.40855      0.0247792
           22.5       0.712266       0.861793      -0.414513      0.0170217
           23.5       0.689376       0.774128      -0.349513      0.0610763
           24.5        0.63161       0.797111      -0.443227      0.0119056
           25.5       0.623024       0.804228      -0.413138      0.0509257
           26.5        0.65944        0.86586      -0.434439      0.0202808
           27.5       0.655879       0.825405      -0.428942     0.00702298
           28.5        0.65971       0.710841      -0.417303      0.0117387
           29.5       0.716206       0.637336      -0.411858      0.0209407
           30.5       0.714662       0.794216      -0.330917      0.0855138
           31.5       0.570449       0.954818      -0.392259      0.0234783
           32.5       0.552089       0.804844      -0.410513      0.0425954
           33.5       0.605971       0.736315      -0.431437      0.0119262
           34.5       0.588096       0.765934      -0.433108     0.00826929
           35.5       0.642973       0.732282      -0.430612      0.0252964
           36.5       0.641389       0.776554      -0.440531     0.00753902
           37.5       0.641389       0.776554      -0.440834              0
           38.5       0.568248       0.816647      -0.428905       0.011387
           39.5       0.671414       0.789327      -0.443069      0.0238726
           40.5       0.607093       0.729602      -0.449338     0.00569182
           41.5         0.6639       0.886999      -0.436187     0.00933291
           42.5       0.569561       0.720215      -0.421049      0.0152972
           43.5       0.684138       0.785406      -0.417531      0.0190379
           44.5       0.672927       0.826524       -0.43897     0.00473496
           45.5       0.610415       0.731489      -0.434806     0.00744218
           46.5       0.592024        0.74068      -0.431369      0.0127409
           47.5       0.639709        0.75849      -0.420106      0.0108423
           48.5       0.645153       0.810976      -0.449904     0.00243022
           49.5       0.657353       0.762945      -0.432328     0.00779093
