100000000 100
0.99971 1.00006 1.00076 0 0 0
1.00014 0.999956 1.00128 0.000427771 9.94115e-05 0.000516199
1.00009 0.999988 0.999379 0.000252254 6.57075e-05 0.00192351
1.00024 0.999932 1.00045 0.000237328 7.24586e-05 0.00172845
1.00027 0.99992 1.00149 0.000185326 5.75279e-05 0.00169754
1.00014 0.999953 1.00137 0.000194535 5.73456e-05 0.00139146
1.00008 0.999972 1.00049 0.000176758 5.23496e-05 0.00146433
0.999967 1 0.999937 0.000189699 5.56337e-05 0.0013849
0.999984 1 1.00023 0.000168075 4.90773e-05 0.00125561
0.999975 1.00001 1.00025 0.000150555 4.40754e-05 0.00112331
1.00007 0.999982 1.00051 0.000166691 4.73055e-05 0.0010487
1.00006 0.999988 1.00007 0.000152901 4.36179e-05 0.00105542
1.0001 0.999978 1.00007 0.000146287 4.14291e-05 0.000970857
1.00013 0.999968 1.00002 0.000138893 3.95956e-05 0.000900738
1.00015 0.999963 1.00001 0.000130607 3.72156e-05 0.000838576
1.00012 0.999969 1.00011 0.000125953 3.54289e-05 0.000791579
1.00005 0.999988 1.00024 0.000133334 3.78708e-05 0.000754695
1.00007 0.999983 1.00004 0.000126739 3.6005e-05 0.000740829
1.00006 0.999989 0.999927 0.000120311 3.45458e-05 0.000709353
1.00009 0.999981 1.00002 0.000117539 3.35921e-05 0.000679623
1.00009 0.999982 0.999812 0.000111871 3.19601e-05 0.000679738
1.00009 0.999982 0.999773 0.000106682 3.0476e-05 0.000649231
1.00007 0.999988 0.999719 0.000103652 2.95593e-05 0.000622725
1.00003 0.999997 0.999682 0.000105991 2.99507e-05 0.000597348
1.00001 1.00001 0.999504 0.000105674 2.99336e-05 0.000599957
0.999991 1.00001 0.999433 0.000102455 2.8842e-05 0.000580774
0.999998 1.00001 0.999555 9.87834e-05 2.77717e-05 0.000571937
0.999967 1.00002 0.999409 9.98736e-05 2.79902e-05 0.000570047
0.999968 1.00001 0.999698 9.6372e-05 2.70133e-05 0.000620939
0.999957 1.00002 0.999792 9.37506e-05 2.62087e-05 0.000607311
0.999962 1.00002 0.999775 9.08202e-05 2.54245e-05 0.000587659
0.999959 1.00002 0.99977 8.80083e-05 2.46254e-05 0.000569016
0.999933 1.00002 0.999705 8.90829e-05 2.46153e-05 0.000555373
0.999924 1.00002 0.999715 8.68818e-05 2.39638e-05 0.000538893
0.999927 1.00002 0.999684 8.44284e-05 2.32749e-05 0.000524184
0.999922 1.00002 0.999703 8.22516e-05 2.26904e-05 0.000509771
0.999913 1.00003 0.999635 8.04887e-05 2.22108e-05 0.000500517
0.999899 1.00003 0.999605 7.95271e-05 2.17629e-05 0.000488044
0.999913 1.00003 0.999601 7.86958e-05 2.14388e-05 0.000475385
0.999906 1.00003 0.999524 7.70092e-05 2.09879e-05 0.000469769
0.999895 1.00003 0.99952 7.59448e-05 2.07464e-05 0.000458185
0.999876 1.00004 0.999457 7.65901e-05 2.08233e-05 0.000451579
0.999879 1.00004 0.999405 7.48832e-05 2.03333e-05 0.000443993
0.999871 1.00004 0.999352 7.35879e-05 1.99552e-05 0.000436967
0.999889 1.00003 0.999307 7.39486e-05 2.00831e-05 0.000429522
0.999904 1.00003 0.999312 7.40345e-05 2.0022e-05 0.000420115
0.99991 1.00003 0.999391 7.26776e-05 1.97136e-05 0.000418563
0.999924 1.00002 0.999491 7.24734e-05 1.96803e-05 0.000421799
0.99994 1.00002 0.999439 7.26344e-05 1.9726e-05 0.000416432
0.99994 1.00002 0.999412 7.11672e-05 1.93304e-05 0.000408869
0.999948 1.00002 0.999429 7.02772e-05 1.91672e-05 0.000401117
0.999932 1.00002 0.999401 7.08757e-05 1.91861e-05 0.000394351
0.99993 1.00002 0.999423 6.95469e-05 1.88255e-05 0.000387491
0.999936 1.00002 0.999444 6.85468e-05 1.85548e-05 0.000380807
0.99993 1.00002 0.999427 6.75653e-05 1.8284e-05 0.000374193
0.999937 1.00002 0.999428 6.66714e-05 1.8053e-05 0.000367452
0.999944 1.00002 0.999374 6.58501e-05 1.77946e-05 0.000364914
0.999948 1.00002 0.99945 6.4835e-05 1.75463e-05 0.000366393
0.999958 1.00001 0.999498 6.46056e-05 1.75088e-05 0.000363391
0.999957 1.00001 0.999513 6.353e-05 1.72147e-05 0.000357598
0.999954 1.00001 0.999515 6.25627e-05 1.69454e-05 0.000351693
0.99995 1.00001 0.99951 6.17011e-05 1.67193e-05 0.000346015
0.999955 1.00001 0.999493 6.09111e-05 1.64848e-05 0.000340916
0.999972 1.00001 0.999437 6.23995e-05 1.67203e-05 0.000340197
0.99997 1.00001 0.999453 6.14682e-05 1.6476e-05 0.000335304
0.999961 1.00001 0.999417 6.10945e-05 1.63614e-05 0.000332092
0.999968 1.00001 0.999387 6.05016e-05 1.62018e-05 0.000328531
0.999965 1.00001 0.999395 5.9683e-05 1.59939e-05 0.000323784
0.99997 1.00001 0.999399 5.90168e-05 1.58508e-05 0.000319077
0.999969 1.00001 0.999463 5.81704e-05 1.56228e-05 0.000321037
0.999958 1.00001 0.999377 5.83832e-05 1.58014e-05 0.000328069
0.999961 1.00001 0.999387 5.76303e-05 1.55899e-05 0.000323622
0.999953 1.00002 0.999381 5.74368e-05 1.55421e-05 0.000319217
0.99995 1.00002 0.999387 5.67248e-05 1.53486e-05 0.000314934
0.999935 1.00002 0.999359 5.77557e-05 1.56541e-05 0.000311925
0.99994 1.00002 0.999369 5.71742e-05 1.54766e-05 0.000307969
0.999948 1.00002 0.999337 5.69609e-05 1.53618e-05 0.000305644
0.999954 1.00002 0.999399 5.65193e-05 1.52327e-05 0.000307971
0.999953 1.00002 0.999371 5.57999e-05 1.50386e-05 0.000305352
0.999964 1.00001 0.999457 5.60928e-05 1.50338e-05 0.000313488
0.999959 1.00002 0.999479 5.55972e-05 1.48972e-05 0.000310404
0.999963 1.00001 0.999543 5.50917e-05 1.47801e-05 0.000313211
0.999973 1.00001 0.999624 5.5199e-05 1.4723e-05 0.000319697
0.999978 1.00001 0.999638 5.48058e-05 1.46101e-05 0.000316175
0.999971 1.00001 0.999641 5.45942e-05 1.45482e-05 0.000312447
0.999968 1.00001 0.99961 5.407e-05 1.44209e-05 0.000310343
0.999956 1.00002 0.999646 5.4796e-05 1.45826e-05 0.000308908
0.999957 1.00002 0.999648 5.41963e-05 1.44196e-05 0.000305382
0.99997 1.00001 0.999644 5.50665e-05 1.46251e-05 0.000301951
0.999968 1.00001 0.999689 5.44806e-05 1.44704e-05 0.000301869
0.999968 1.00001 0.999678 5.38789e-05 1.43107e-05 0.000298737
0.999968 1.00001 0.999631 5.3291e-05 1.4156e-05 0.000299078
0.999977 1.00001 0.999597 5.34178e-05 1.41905e-05 0.000297813
0.999976 1.00001 0.999585 5.28594e-05 1.40398e-05 0.000294867
0.999978 1.00001 0.99953 5.23789e-05 1.39079e-05 0.000297
0.99998 1.00001 0.999525 5.18446e-05 1.37712e-05 0.000293927
0.999985 1.00001 0.999482 5.15787e-05 1.36717e-05 0.000294038
0.999983 1.00001 0.9995 5.10758e-05 1.35389e-05 0.000291559
0.999985 1.00001 0.99952 5.05848e-05 1.34188e-05 0.000289315
0.999983 1.00001 0.999547 5.01017e-05 1.32893e-05 0.000287676
