100 100 100
0 0
1 0.005
1.41797 0.00710316
1.73186 0.00867853
1.99461 0.00999779
2.22377 0.0111475
2.43795 0.0122154
2.64179 0.0132369
2.83267 0.0141932
3.00111 0.0150369
3.17108 0.015894
3.32301 0.0166525
3.47554 0.017423
3.62042 0.0181575
3.75721 0.0188399
3.88992 0.0194954
4.02015 0.0201508
4.14855 0.0207952
4.27155 0.0214135
4.3949 0.0220391
4.50338 0.0225898
4.61378 0.0231452
4.71491 0.0236506
4.81894 0.0241715
4.92648 0.0247081
5.03386 0.0252487
5.13474 0.0257594
5.23082 0.026237
5.31264 0.0266522
5.39755 0.0270763
5.48579 0.0275182
5.57008 0.0279417
5.65698 0.02838
5.72878 0.0287428
5.81335 0.0291697
5.89823 0.0295932
5.9804 0.0300148
6.06227 0.0304221
6.15563 0.0308906
6.24123 0.0313191
6.32966 0.0317591
6.40097 0.0321186
6.46807 0.0324493
6.54757 0.0328436
6.6269 0.0332419
6.70949 0.0336591
6.77843 0.0340014
6.8531 0.0343811
6.92404 0.0347389
6.99081 0.0350797
7.06109 0.0354267
7.12906 0.0357619
7.1959 0.0360952
7.26524 0.0364452
7.33194 0.0367752
7.39365 0.0370833
7.45578 0.037404
7.5154 0.0377085
7.57685 0.038014
7.62891 0.038266
7.6873 0.0385617
7.75745 0.0389082
7.81776 0.0392056
7.88525 0.0395519
7.94686 0.0398662
8.00493 0.0401587
8.06677 0.0404643
8.13644 0.0408199
8.19384 0.0411071
8.26302 0.0414642
8.32816 0.0417833
8.39493 0.0421256
8.44734 0.0423802
8.50116 0.0426523
8.55841 0.0429373
8.61938 0.043249
8.67578 0.0435337
8.73371 0.0438279
8.79159 0.0441212
8.84766 0.044404
8.90598 0.0446961
8.96101 0.0449729
9.02449 0.0452926
9.07584 0.045549
9.13621 0.0458484
9.19325 0.0461355
9.24554 0.0464037
9.29365 0.0466449
9.36018 0.0469846
9.41787 0.0472695
9.45826 0.0474774
9.51832 0.0477842
9.57416 0.0480585
9.62462 0.0483001
9.67211 0.0485285
9.71754 0.0487453
9.76749 0.0489937
9.81426 0.0492256
9.8666 0.0494854
9.91905 0.0497515
9.96545 0.0499818
