100 100 100
0 0
1 0.005
1.41655 0.00709532
1.73499 0.00869333
2.00574 0.01005
2.24442 0.01125
2.45022 0.0122804
2.64371 0.0132575
2.83425 0.0142117
3.00606 0.0150735
3.17049 0.0159001
3.32635 0.0166922
3.48454 0.0174822
3.6282 0.0182033
3.76189 0.0188734
3.89048 0.0195242
4.02393 0.0201931
4.14193 0.0207845
4.25972 0.0213751
4.36935 0.0219251
4.47573 0.0224674
4.58522 0.0230194
4.70272 0.0235999
4.81456 0.0241621
4.92173 0.024704
5.01817 0.0251869
5.12064 0.0257006
5.20698 0.0261322
5.2946 0.0265748
5.37092 0.0269628
5.46584 0.027439
5.56904 0.0279519
5.64455 0.0283243
5.72054 0.0287008
5.80917 0.0291505
5.90239 0.0296168
5.97719 0.0300035
6.065 0.0304533
6.1524 0.030887
6.23699 0.0313153
6.31367 0.0316935
6.37751 0.0320056
6.47032 0.0324671
6.55149 0.0328782
6.63271 0.0332914
6.7082 0.033658
6.77637 0.0339962
6.86137 0.0344277
6.94043 0.0348259
7.02084 0.0352279
7.09336 0.0356015
7.15605 0.0359026
7.22486 0.0362423
7.29311 0.0365853
7.37334 0.036984
7.43055 0.0372678
7.50668 0.0376459
7.5783 0.0380045
7.65018 0.0383592
7.71502 0.038686
7.787 0.0390535
7.85159 0.0393761
7.91289 0.0396907
7.97532 0.0400072
8.03784 0.0403256
8.0972 0.0406215
8.16364 0.040951
8.2235 0.0412575
8.28145 0.0415469
8.33095 0.0417975
8.39363 0.0421202
8.46033 0.0424597
8.52068 0.0427614
8.57788 0.0430408
8.63853 0.0433422
8.69479 0.04363
8.7518 0.0439162
8.80711 0.0441965
8.86432 0.0444836
8.92398 0.0447824
8.98244 0.0450749
9.04289 0.0453834
9.10016 0.0456731
9.15119 0.0459312
9.20776 0.0462105
9.25421 0.0464446
9.30031 0.0466728
9.35969 0.0469737
9.41401 0.0472485
9.4716 0.0475353
9.52668 0.0478115
9.58231 0.0480912
9.63532 0.0483541
9.69461 0.0486463
9.73757 0.0488663
9.79314 0.049155
9.8501 0.0494426
9.90581 0.0497191
9.94865 0.0499376
9.99235 0.0501551
10.0419 0.0504053
