-0.113382   -0.147491   0.350344
0.475842   -0.457287   -0.499292
0.161777   0.0632464   -0.338594
-0.209978   -0.026252   0.472698
-0.198668   -0.395318   -0.0261284
0.0193718   -0.0949234   0.366996
-0.440282   0.35612   0.0444515
0.114949   0.436268   0.479055
-0.0588829   0.0620875   0.221153
0.093785   0.29218   -0.110578
0.490287   -0.467346   0.328027
0.495561   0.00750924   -0.10002
0.235573   0.3736   0.114903
-0.251355   0.067411   0.302637
0.422442   -0.105637   0.407706
0.0697924   0.479277   0.124404
-0.198811   0.235786   -0.00547281
0.247754   -0.0844849   0.405794
0.292161   -0.22695   0.224738
0.489482   -0.210676   0.125693
-0.479523   0.396571   0.268855
-0.416522   0.472859   0.00766006
0.263254   0.339947   -0.0839342
0.421259   -0.169357   0.149362
0.491818   0.419485   -0.139378
0.0563351   -0.0348363   0.223232
0.303071   -0.463511   0.141684
0.426771   -0.221569   0.0641012
-0.467204   0.0437282   0.0267643
0.390708   -0.479192   0.109436
-0.0613936   0.402947   0.475274
-0.115969   0.0275788   0.302903
-0.279244   -0.231766   -0.0555583
-0.326612   0.0233344   -0.489106
-0.420063   0.034574   0.098343
0.280244   0.334969   -0.00176679
-0.140481   0.104098   -0.184686
-0.109456   -0.0688763   -0.0611474
-0.259254   -0.117157   -0.0868476
0.0257582   0.362838   0.136464
-0.228473   0.0558588   -0.420363
0.44592   0.375239   -0.433889
0.00816151   0.0191162   0.355327
0.0517898   -0.444338   -0.0306928
0.332408   0.288675   -0.055752
0.131546   -0.0324498   0.268845
-0.473835   -0.365791   0.391209
0.294606   -0.0592382   0.0198213
-0.322706   -0.496334   0.00969225
0.0858619   0.000859803   0.11684
-0.354317   0.397118   0.215884
0.172807   0.213817   -0.108291
-0.0745754   0.440737   -0.340432
0.133764   -0.0995833   0.471326
-0.436875   -0.0712118   -0.336412
-0.394408   0.398798   -0.123331
-0.404746   -0.290789   -0.192103
-0.439565   0.471589   -0.17154
0.00093394   0.333629   0.3597
0.429306   -0.419644   0.146317
0.395675   -0.351747   -0.307978
0.462061   0.241459   0.117775
0.457156   0.0738735   -0.243327
0.440436   0.197419   -0.342765
0.197301   -0.386778   -0.308319
-0.237306   -0.134747   -0.00424707
0.172152   0.0176432   0.0963681
-0.367926   0.434929   0.146698
0.0934161   -0.240619   0.29016
-0.429166   -0.149986   0.0965285
0.085044   -0.0839531   0.320939
0.387404   0.334868   -0.182521
0.277269   -0.27349   -0.204414
-0.419463   -0.0324744   0.167194
-0.0141039   -0.327115   0.0600099
0.0212628   0.380329   0.46091
0.242687   -0.478054   0.450502
0.479353   -0.454073   -0.284756
-0.326653   -0.0257026   -0.0314758
-0.333368   0.362846   0.341343
-0.157609   0.447938   -0.0477228
0.0235349   -0.488802   0.36745
-0.314981   -0.076401   0.0286988
-0.259914   -0.347043   -0.16456
0.106607   -0.193864   -0.263861
-0.193132   0.485055   -0.384875
-0.000759948   -0.170402   -0.452412
-0.348846   -0.15806   0.0378054
-0.47249   0.462951   -0.0507729
-0.454129   0.429688   -0.2422
0.349537   0.242384   0.0845033
0.252066   -0.0106739   0.354427
0.417588   -0.250589   0.153565
-0.292718   -0.445128   0.340134
-0.436252   0.34583   0.144079
-0.431093   -0.202461   0.291765
-0.00943445   -0.47672   0.298981
0.170971   0.31297   -0.167231
-0.476142   0.0802225   -0.387086
-0.150044   -0.103462   -0.128969
0.328219   -0.0999906   -0.130322
-0.094138   -0.474713   0.100035
-0.491142   0.0111471   -0.217969
0.252588   0.228276   -0.0533899
0.324794   0.455107   -0.139694
-0.185256   0.017115   0.199472
0.2884   -0.190278   -0.212959
-0.00789795   0.0153884   0.0720517
