1.6676   -0.628463   -0.107213
-2.4177   -0.0802015   1.18346
-0.697524   -0.0204457   1.43941
-0.334888   0.289764   -0.107676
-0.0677396   0.289544   -0.786902
-1.52497   -0.723181   0.594377
-0.578266   -0.354092   0.30535
-0.0579269   -0.164697   0.621229
-1.1076   -0.579913   0.0866101
-1.372   1.4666   -0.813762
-0.917363   0.57684   -1.63395
0.162939   1.26595   0.538443
0.0530933   0.135618   0.518847
2.55714   -0.744349   -1.80634
1.57796   1.10902   -0.120011
-0.0299397   0.154881   1.50678
-0.628609   2.00959   -1.42627
-2.18371   -1.30776   0.589939
-0.273507   1.06544   1.44593
-1.06497   0.512933   -0.627877
0.0455052   0.800102   -0.643928
1.64157   -1.1673   -0.612557
-0.638425   1.36483   1.05851
-0.163434   -0.97775   -0.128459
1.56934   0.788509   0.459944
2.168   -0.879466   -1.91068
0.870062   -0.859711   0.859568
0.497536   1.15288   1.37373
0.551397   0.239177   -0.747246
2.61948   -0.896867   -0.509448
-0.259901   1.18564   2.66779
-0.040022   -1.24356   0.401777
-0.934228   -1.46986   -0.674162
-0.342433   -0.0759011   -1.3484
-0.482016   3.93728   -1.47612
0.835387   0.189626   -0.813039
-0.143128   0.287004   0.296151
-0.12024   -2.30303   -0.80073
-0.398686   0.00621188   0.752132
-1.1414   -1.10272   1.40955
0.35371   -0.49403   0.365755
1.40688   1.48943   1.07212
-2.10323   1.39839   0.620267
-0.450638   -0.19788   -1.06011
0.357017   -1.23526   0.726736
1.52311   1.44102   -0.574554
0.297515   0.0670436   -1.42146
-0.227596   1.01115   0.766284
-0.144237   -2.01499   -0.399164
-1.3959   -0.829834   -1.82918
-1.65797   0.802009   0.781835
1.69132   0.308535   -1.24034
0.0964167   -0.254761   -0.667261
0.69057   -0.398643   1.92708
-2.41557   -0.294987   -1.60539
0.159733   0.509606   -0.947268
-1.98541   -0.195345   -0.324421
0.149483   0.494262   -1.4279
0.599719   1.80782   1.68203
0.731834   -1.09338   -0.965693
0.360616   -3.35348   -0.352029
1.44849   -0.793729   -0.705225
-1.89973   0.108246   1.04898
-2.05014   -1.26067   1.46449
-0.113588   -0.330288   -2.51393
0.174305   -1.24526   1.5946
-0.567832   -1.91743   2.30271
1.01122   1.33442   -1.23335
1.69768   -1.05478   2.3425
0.095135   1.20452   -0.29674
0.695359   0.0992781   -0.807413
-0.720352   0.266338   0.540505
1.79044   -1.88587   -1.24849
1.0894   1.7553   0.122244
0.29759   -0.468397   -1.68435
1.43228   1.22367   -0.220557
1.62327   -1.13481   -1.30195
-0.674209   -0.0084766   -0.652503
-0.359937   -0.770161   0.876619
-0.301011   -1.29404   0.419071
0.376418   -0.934206   1.37804
0.0122048   -2.93508   0.783708
0.483005   0.899273   1.40197
1.05058   0.311139   -0.233923
0.859164   1.15402   0.57437
1.86295   0.153972   0.198004
-0.879847   1.5315   -0.579955
1.17882   1.45802   -1.1523
1.24332   0.609602   -0.231545
-1.15562   1.10832   0.544798
-2.21562   -0.968808   -1.27046
0.428263   -1.17276   2.43215
-0.0261111   -0.168716   -1.15214
-0.273929   0.662225   0.317028
0.0263013   1.27545   1.19574
-1.34582   -1.17808   -1.59962
-0.913278   -1.29907   -0.535035
-0.951419   -0.22057   -0.690161
-0.319855   0.15281   0.658032
-0.986798   -0.11057   -0.117648
0.0756162   -0.976008   1.08609
0.412776   2.12083   -0.74796
-1.23673   1.43346   -0.624347
0.203137   0.831835   -0.764091
0.0974237   0.360996   1.8353
0.890286   0.00126473   0.209183
-1.37232   -0.162687   -0.51317
0.874977   0.0191423   1.40862
