1 1045.58 2117.82
2 895.024 1621.47
3 817.785 576.884
4 750.801 449.928
5 712.295 209.949
6 670.559 129.416
7 641.399 71.0486
8 625.58 40.4377
9 599.959 163.185
10 568.117 167.889
11 538.618 69.8727
12 524.06 37.2921
13 506.875 72.8219
14 484.118 145.932
15 464.776 37.1958
16 453.006 24.7491
17 441.253 36.9247
18 427.719 33.6837
19 414.616 46.058
20 404.449 10.7447
21 394.791 37.935
22 382.093 27.9287
23 371.366 26.0779
24 363.053 10.9783
25 358.032 2.87954
26 353.454 6.70647
27 346.768 25.002
28 340.216 0.078813
29 338.503 1.95992
30 334.603 4.17856
31 332.502 0.239664
32 327.612 17.1419
33 322.985 0.41544
34 320.784 2.14748
35 318.902 0.186878
36 317.195 0.883012
37 315.314 0.773998
38 313.458 1.23811
39 310.658 2.28691
40 307.039 7.51578
41 303.355 0.00050086
42 303.33 0.000194976
43 303.169 0.0829854
44 301.589 1.19392
45 300.472 0.454836
46 296.85 3.63414
47 295.281 1.17871e-09
48 295.274 0.0157433
49 293.97 1.67002
50 290.845 2.02735
51 289.013 0.351672
52 287.99 0.363593
53 287.317 0.00071905
54 287.284 0.00831156
55 286.441 0.854222
56 285.37 0.00961444
57 284.414 0.907672
58 282.89 0.110854
59 282.684 8.14907e-10
60 282.684 8.14907e-10
61 282.684 8.14907e-10
62 282.684 8.14907e-10
63 282.684 8.14907e-10
64 282.684 8.14907e-10
65 282.684 8.14907e-10
66 282.684 8.14907e-10
67 282.684 8.14907e-10
68 282.684 8.14907e-10
69 282.681 0.00509448
70 281.888 0.638662
71 281.016 0.00670348
72 280.921 3.92902e-10
73 280.917 0.00669003
74 280.157 0.812388
75 279.09 -1.41154e-09
76 279.09 -1.41154e-09
77 279.09 -1.41154e-09
78 279.09 -1.41154e-09
79 279.09 -1.41154e-09
80 279.09 -1.41154e-09
81 279.09 -1.41154e-09
82 279.09 -1.41154e-09
83 279.09 -1.41154e-09
84 279.09 -1.41154e-09
85 279.09 -1.41154e-09
86 279.09 -1.41154e-09
87 279.09 -1.41154e-09
88 279.09 -1.41154e-09
89 279.09 -1.41154e-09
90 279.09 -1.41154e-09
91 279.09 -1.41154e-09
92 279.09 -1.41154e-09
93 279.09 -1.41154e-09
94 279.09 -1.41154e-09
95 279.09 -1.41154e-09
96 279.09 -1.41154e-09
97 279.09 -1.41154e-09
98 279.09 -1.41154e-09
99 279.09 -1.41154e-09
100 279.09 -1.41154e-09
