394.032
32 0 -86.3006
30 8 -84.2813
33 9 -84.3882
39 7 -75.5197
41 6 -72.6822
44 18 -69.7817
42 20 -71.0637
38 19 -76.4909
43 28 -71.538
40 29 -74.7699
42 33 -73.7579
35 31 -78.6391
39 34 -82.9991
34 39 -81.0332
40 37 -76.8836
41 38 -71.415
44 44 -72.5805
37 45 -77.4336
38 47 -81.6123
43 48 -89.3844
36 41 -86.7842
30 42 -97.7403
44 40 -100.346
41 49 -104.82
40 43 -111.888
47 46 -122.905
44 36 -123.03
39 27 -119.766
21 10 -157.857
58 1 -134.42
38 4 -121.494
33 2 -112.097
39 5 -104.985
43 11 -116.2
46 25 -112.018
35 30 -105.94
46 32 -100.783
35 35 -97.5033
40 26 -96.6997
38 24 -92.1729
44 22 -93.1022
32 23 -90.1821
42 21 -84.5553
38 16 -84.8754
30 17 -91.1874
39 15 -95.678
41 14 -93.6037
39 12 -89.655
39 13 -86.1626
34 3 -92.289
32 0 -86.3006
