100 10000
15.2843 4.31441 0 0
16.0901 5.28526 0.805863 0.970849
15.4978 5.35085 0.753183 0.564344
14.8118 5.87792 0.86848 0.661095
14.5599 5.86665 0.71835 0.512206
14.7241 5.88784 0.609083 0.418751
15.106 5.7842 0.640987 0.368772
14.7917 5.62083 0.637907 0.358729
14.9655 5.7714 0.588798 0.350374
14.9016 5.72831 0.530492 0.316333
15.2221 5.52229 0.577008 0.352588
15.3356 5.55526 0.53883 0.323552
15.3124 5.66636 0.496196 0.317683
15.1522 5.57897 0.486526 0.306826
15.2645 5.47956 0.466647 0.302442
15.1917 5.52518 0.442533 0.286562
15.2829 5.48922 0.42558 0.27157
15.1921 5.51419 0.411385 0.257253
15.1066 5.56426 0.398417 0.248435
15.1879 5.58327 0.386622 0.236452
15.3488 5.51916 0.401402 0.233868
15.4693 5.49404 0.401238 0.224396
15.4948 5.44635 0.384242 0.219656
15.4499 5.42017 0.370608 0.211927
15.5331 5.40314 0.365073 0.203986
15.5234 5.37911 0.350883 0.197452
15.4143 5.38358 0.354831 0.19005
15.4122 5.35461 0.34193 0.185415
15.4571 5.34014 0.332982 0.179491
15.398 5.37316 0.32709 0.17652
15.4575 5.37577 0.321915 0.170751
15.5528 5.38626 0.325941 0.165662
15.5325 5.36 0.316561 0.162697
15.6467 5.34128 0.327642 0.158946
15.6711 5.32092 0.319077 0.155674
15.753 5.2624 0.32073 0.162212
15.6765 5.27964 0.321178 0.158706
15.7008 5.26173 0.313557 0.155508
15.6851 5.25952 0.305816 0.151484
15.6934 5.25527 0.298187 0.14771
15.7234 5.26214 0.292372 0.144226
15.7047 5.24943 0.285943 0.141322
15.7027 5.25052 0.27922 0.138001
15.7804 5.23757 0.283641 0.135448
15.6712 5.28129 0.297985 0.139438
15.6747 5.28484 0.291456 0.136419
15.6204 5.30882 0.290322 0.135623
15.5964 5.2908 0.285217 0.133985
15.6276 5.27771 0.281072 0.131874
15.6166 5.27338 0.275615 0.129281
15.6042 5.28606 0.27044 0.127353
15.5468 5.30749 0.271335 0.126706
15.4842 5.30938 0.273426 0.124307
15.4459 5.31512 0.271033 0.122118
15.4117 5.31646 0.268246 0.119885
15.419 5.33182 0.263513 0.118722
15.4111 5.31411 0.25897 0.117958
15.4037 5.32238 0.25457 0.116201
15.4415 5.31801 0.253053 0.114298
15.4905 5.31279 0.253574 0.112499
15.4897 5.30203 0.249384 0.11116
15.4326 5.30699 0.251883 0.109465
15.4344 5.33119 0.247859 0.110399
15.4575 5.32821 0.245047 0.108701
15.4666 5.32731 0.241417 0.107019
15.5181 5.31176 0.243258 0.106526
15.4883 5.30771 0.241454 0.105002
15.4885 5.30654 0.237877 0.103453
15.5028 5.31202 0.234839 0.10209
15.5349 5.32833 0.233681 0.101934
15.4918 5.32843 0.234365 0.100488
15.4378 5.3401 0.237301 0.0997683
15.4337 5.33967 0.234064 0.0983931
15.416 5.35702 0.231556 0.0985939
15.46 5.34671 0.232635 0.0978153
15.4485 5.34816 0.229839 0.0965305
15.4629 5.34878 0.227292 0.0952706
15.4714 5.34367 0.224519 0.0941799
15.4256 5.33763 0.22635 0.0931756
15.4405 5.32922 0.224001 0.0923872
15.4412 5.33677 0.22122 0.091551
15.4333 5.33469 0.218649 0.0904516
15.4165 5.32627 0.216648 0.0897507
15.408 5.33546 0.214224 0.089151
15.4158 5.32797 0.211833 0.0884138
15.4291 5.32023 0.209781 0.0877226
15.4384 5.31206 0.207565 0.0870922
15.4052 5.31671 0.207876 0.0862223
15.4171 5.30099 0.205876 0.0866846
15.373 5.31089 0.208299 0.0862855
15.3619 5.31184 0.206295 0.0853373
15.363 5.30542 0.204043 0.0846486
15.3642 5.30826 0.201841 0.0837816
15.3641 5.31858 0.199682 0.0835256
15.3674 5.32604 0.197596 0.0829781
15.3778 5.33751 0.1958 0.0829061
15.3847 5.34462 0.193896 0.0823545
15.3781 5.34901 0.192019 0.0816279
15.3759 5.34974 0.190083 0.0808025
15.331 5.36195 0.193457 0.0809165
