100
13.1453 5.24342 0 0
12.7238 5.31443 0.421582 0.0710075
13.3329 5.28083 0.655999 0.053004
13.5139 5.30692 0.49792 0.0456656
14.0895 5.50876 0.692824 0.204917
14.3692 5.28205 0.63109 0.281767
14.6054 5.39411 0.583318 0.263186
14.8506 5.4961 0.561517 0.249705
14.7589 5.39645 0.503618 0.241716
14.9354 5.43738 0.483764 0.220037
15.1711 5.44223 0.497027 0.19909
15.4058 5.36041 0.510831 0.199312
15.1695 5.45859 0.525932 0.207974
15.207 5.30215 0.488355 0.248089
15.122 5.36048 0.462509 0.238211
15.0063 5.33277 0.447851 0.224543
14.9557 5.33713 0.423706 0.210966
15.1253 5.29267 0.433991 0.203809
15.0809 5.31852 0.412911 0.194509
15.1101 5.25622 0.392807 0.19476
15.1307 5.21691 0.374199 0.189379
15.1382 5.26248 0.356864 0.186229
15.1867 5.28494 0.344438 0.179359
15.1971 5.23886 0.329936 0.177796
15.0347 5.27949 0.355682 0.175309
15.1093 5.2729 0.34977 0.168561
15.1076 5.22842 0.336571 0.168186
15.1357 5.21869 0.325538 0.16236
15.131 5.24839 0.314146 0.15945
15.0911 5.31506 0.306107 0.167854
15.0889 5.30389 0.296076 0.162732
15.1133 5.29876 0.287709 0.157648
15.0874 5.29336 0.280053 0.152892
15.1075 5.29453 0.272432 0.148332
15.1482 5.25929 0.267647 0.148279
15.1841 5.23999 0.262581 0.145389
15.154 5.26471 0.25716 0.143549
15.1297 5.27912 0.251479 0.140462
15.1744 5.2764 0.248994 0.13684
15.1829 5.27268 0.24284 0.133427
15.1369 5.2831 0.241279 0.130549
15.1725 5.28985 0.238147 0.127581
15.1573 5.27611 0.233039 0.125334
15.1689 5.2695 0.227978 0.122631
15.2083 5.24942 0.226297 0.121545
15.2211 5.2638 0.221697 0.119741
15.1811 5.27926 0.220591 0.11818
15.209 5.28637 0.21774 0.11591
15.1887 5.29774 0.214208 0.114088
15.1336 5.3224 0.21701 0.114471
15.1395 5.3498 0.212794 0.115501
15.1622 5.33099 0.209899 0.11481
15.1641 5.34495 0.205909 0.113486
15.1221 5.37642 0.206381 0.115726
15.1333 5.3912 0.202905 0.114559
15.1805 5.41171 0.204753 0.11435
15.1984 5.40458 0.201926 0.112552
15.1875 5.40838 0.198713 0.11066
15.1497 5.40386 0.19894 0.108862
15.1955 5.40136 0.200884 0.107061
15.1152 5.43091 0.213233 0.109357
15.0798 5.43486 0.212732 0.107652
15.083 5.43128 0.209352 0.10599
15.0306 5.44866 0.21262 0.105759
15.0396 5.46228 0.209518 0.105006
15.0248 5.47654 0.206854 0.104381
15.0803 5.47284 0.211167 0.102877
15.1193 5.471 0.211666 0.10137
15.1287 5.48139 0.208791 0.100429
15.1409 5.48424 0.206148 0.0990246
15.1307 5.4846 0.20348 0.0976206
15.1335 5.49153 0.200653 0.0965046
15.1393 5.50371 0.197971 0.095949
15.1189 5.50377 0.196346 0.0946435
15.1473 5.5184 0.195784 0.0945115
15.0863 5.53543 0.202578 0.0948028
15.1331 5.53453 0.205336 0.0935679
15.2051 5.52704 0.215088 0.092663
15.1933 5.53492 0.212677 0.0918212
15.1611 5.54343 0.212453 0.0910641
15.1421 5.52858 0.210676 0.0911509
15.1201 5.52821 0.209246 0.0900331
15.1203 5.53722 0.206709 0.0893968
15.1117 5.52475 0.204413 0.0892017
15.0957 5.51857 0.20263 0.0883623
15.1041 5.51898 0.200438 0.0873297
15.076 5.5372 0.200114 0.0882211
15.0382 5.55047 0.201394 0.0882169
15.0864 5.54464 0.204864 0.087415
15.0925 5.53923 0.202668 0.0866075
15.09 5.54092 0.200444 0.0856673
15.1013 5.53718 0.198572 0.0848136
15.109 5.53559 0.196576 0.0839118
15.1094 5.54801 0.194474 0.0839377
15.0703 5.5593 0.19636 0.0838143
15.0653 5.55839 0.194367 0.0829416
15.0654 5.54246 0.192353 0.0836138
15.061 5.52933 0.19043 0.0837927
15.036 5.52778 0.190156 0.0829563
15.0416 5.52816 0.18833 0.0821234
