              1       0.541366              0
              2       0.541911    0.000545756
              3       0.541674    0.000394254
              4       0.541729    0.000284143
              5       0.541675    0.000226716
              6       0.541606    0.000197706
              7       0.541764    0.000230262
              8       0.541615    0.000249146
              9       0.541512    0.000242522
             10       0.541578    0.000226888
             11       0.541644    0.000215574
             12       0.541607    0.000200343
             13       0.541659    0.000191648
             14       0.541576    0.000196296
             15       0.541556     0.00018382
             16       0.541646    0.000194165
             17       0.541582    0.000193182
             18       0.541675    0.000204343
             19       0.541689     0.00019384
             20       0.541665    0.000185509
