            0.5       0.915933        2.70251        1.87451        1.49019
            1.5        1.27751        1.14046        1.01616       0.687741
            2.5       0.933338       0.909458       0.825481       0.292628
            3.5       0.739908       0.468988       0.861264       0.398173
            4.5       0.694224       0.346735       0.638856       0.152051
            5.5       0.778217      0.0145595       0.687996       0.155745
            6.5        1.11181       0.455757       0.598003        0.11927
            7.5       0.985811       0.221423       0.565312       0.079168
            8.5       0.678826       0.479119       0.580343      0.0974018
            9.5       0.873117       0.808316       0.561238      0.0674196
           10.5         1.3534       0.902524        0.54234      0.0570869
           11.5       0.920326       0.410649       0.540081      0.0504407
           12.5        0.75949       0.548361       0.562999      0.0982625
           13.5       0.802553       0.460807       0.538757      0.0465372
           14.5        1.22268       0.467127       0.543167      0.0703848
           15.5        1.00848        0.48288       0.530858      0.0439784
           16.5        1.19465      0.0873844       0.529712      0.0368872
           17.5        1.18089      0.0010827       0.551046      0.0622548
           18.5        1.09936       0.384271       0.518936       0.027187
           19.5        1.09712       0.553181        0.53469      0.0447226
           20.5        0.94126       0.588977       0.529789       0.033854
           21.5        1.00325       0.217968       0.523755      0.0287512
           22.5        0.94728       0.634302       0.534308      0.0328535
           23.5        1.10722       0.156469       0.517478      0.0169618
           24.5       0.814464       0.432854        0.53401      0.0343709
           25.5        0.91565       0.315939       0.527481      0.0336192
           26.5        1.02625       0.106956       0.531301      0.0378109
           27.5       0.772907       0.485988       0.510661      0.0145282
           28.5       0.874921      0.0283029       0.515742      0.0207036
           29.5        1.11919       0.371162       0.520695       0.025981
           30.5       0.889739        0.23421       0.516692      0.0242389
           31.5       0.975953       0.464386       0.511956      0.0129273
           32.5        0.86919       0.253996       0.511916      0.0188295
           33.5       0.722074       0.521356       0.515264      0.0199384
           34.5       0.921752       0.662295       0.511706      0.0161406
           35.5       0.845606       0.429238       0.523555      0.0240419
           36.5       0.988071       0.300915       0.515244      0.0212412
           37.5       0.716737        0.52576       0.511827      0.0173495
           38.5       0.960429       0.465342       0.511004      0.0140392
           39.5       0.806694       0.664784        0.50944      0.0131482
           40.5       0.972252       0.434489       0.511862      0.0144529
           41.5       0.786768       0.458704       0.518261      0.0186551
           42.5       0.837727       0.567349       0.518415      0.0209601
           43.5       0.929375      0.0592167       0.511228      0.0115614
           44.5        0.75559       0.441848       0.511811      0.0120001
           45.5       0.914807       0.366548       0.508918     0.00928707
           46.5          0.978      0.0473192       0.510902      0.0117533
           47.5       0.980302       0.376978       0.515909      0.0175029
           48.5        1.14592       0.331009       0.509801      0.0105623
           49.5       0.815363      0.0328964       0.513952      0.0186099
